{
  "stats": {
    "suites": 1,
    "tests": 3,
    "passes": 3,
    "pending": 0,
    "failures": 0,
    "start": "2022-10-24T21:27:08.746Z",
    "end": "2022-10-24T21:27:14.300Z",
    "duration": 5554,
    "testsRegistered": 3,
    "passPercent": 100,
    "pendingPercent": 0,
    "other": 0,
    "hasOther": false,
    "skipped": 0,
    "hasSkipped": false
  },
  "results": [
    {
      "uuid": "e22c78da-1700-427d-ad65-1bec5165bdaa",
      "title": "",
      "fullFile": "C:\\Users\\AdamTravers\\OneDrive - Lovehoney Group\\Desktop\\Dev\\selenium\\test\\test.js",
      "file": "\\test.js",
      "beforeHooks": [],
      "afterHooks": [],
      "tests": [],
      "suites": [
        {
          "uuid": "08c02100-4ae0-4645-a7e2-ca9595319281",
          "title": "add todo tests",
          "fullFile": "C:\\Users\\AdamTravers\\OneDrive - Lovehoney Group\\Desktop\\Dev\\selenium\\test\\test.js",
          "file": "\\test.js",
          "beforeHooks": [],
          "afterHooks": [],
          "tests": [
            {
              "title": "succesfully adds a todo application",
              "fullTitle": "add todo tests succesfully adds a todo application",
              "timedOut": null,
              "duration": 1539,
              "state": "passed",
              "speed": "slow",
              "pass": true,
              "fail": false,
              "pending": false,
              "context": null,
              "code": "//launch browser\nlet driver = await new Builder().forBrowser(\"chrome\").build();\n//navigate to application\nawait driver.get(\"https://lambdatest.github.io/sample-todo-app/\");\n//https://stg-com.lh.uk/\n//edit page\nawait driver\n  .findElement(By.id(\"sampletodotext\"))\n  .sendKeys(\"kljflkd\", Key.RETURN);\n//assert\nlet todoText = await driver\n  .findElement(By.xpath(\"//li[last()]\"))\n  .getText()\n  .then(function (value) {\n    return value;\n  });\n//chai assertion should\ntodoText.should.equal(\"kljflkd\");\n//close browser\nawait driver.quit();",
              "err": {},
              "uuid": "451182f9-994a-482c-80e8-2aab394605cc",
              "parentUUID": null,
              "isHook": false,
              "skipped": false
            },
            {
              "title": "succesfully adds a todo application",
              "fullTitle": "add todo tests succesfully adds a todo application",
              "timedOut": null,
              "duration": 1632,
              "state": "passed",
              "speed": "slow",
              "pass": true,
              "fail": false,
              "pending": false,
              "context": null,
              "code": "//launch browser\nlet driver = await new Builder().forBrowser(\"chrome\").build();\n//navigate to application\nawait driver.get(\"https://lambdatest.github.io/sample-todo-app/\");\n//https://stg-com.lh.uk/\n//edit page\nawait driver\n  .findElement(By.id(\"sampletodotext\"))\n  .sendKeys(\"kljfkd\", Key.RETURN);\n//assert\nlet todoText = await driver\n  .findElement(By.xpath(\"//li[last()]\"))\n  .getText()\n  .then(function (value) {\n    return value;\n  });\n//chai assertion should\ntodoText.should.equal(\"kljfkd\");\n//close browser\nawait driver.quit();",
              "err": {},
              "uuid": "131144cc-6480-4f3f-a8e2-7f9ec0096278",
              "parentUUID": null,
              "isHook": false,
              "skipped": false
            },
            {
              "title": "succesfully adds a todo application",
              "fullTitle": "add todo tests succesfully adds a todo application",
              "timedOut": null,
              "duration": 1797,
              "state": "passed",
              "speed": "slow",
              "pass": true,
              "fail": false,
              "pending": false,
              "context": null,
              "code": "//launch browser\nlet driver = await new Builder().forBrowser(\"chrome\").build();\n//navigate to application\nawait driver.get(\"https://lambdatest.github.io/sample-todo-app/\");\n//https://stg-com.lh.uk/\n//edit page\nawait driver\n  .findElement(By.id(\"sampletodotext\"))\n  .sendKeys(\"shcdlkjsa\", Key.RETURN);\n//assert\nlet todoText = await driver\n  .findElement(By.xpath(\"//li[last()]\"))\n  .getText()\n  .then(function (value) {\n    return value;\n  });\n//chai assertion should\ntodoText.should.equal(\"shcdlkjsa\");\n//close browser\nawait driver.quit();",
              "err": {},
              "uuid": "ac4a5fb0-9cf4-4864-a98a-6ea111494c88",
              "parentUUID": null,
              "isHook": false,
              "skipped": false
            }
          ],
          "suites": [],
          "passes": [
            "451182f9-994a-482c-80e8-2aab394605cc",
            "131144cc-6480-4f3f-a8e2-7f9ec0096278",
            "ac4a5fb0-9cf4-4864-a98a-6ea111494c88"
          ],
          "failures": [],
          "pending": [],
          "skipped": [],
          "duration": 4968,
          "root": false,
          "rootEmpty": false,
          "_timeout": null
        }
      ],
      "passes": [],
      "failures": [],
      "pending": [],
      "skipped": [],
      "duration": 0,
      "root": true,
      "rootEmpty": true,
      "_timeout": 0
    }
  ],
  "meta": {
    "mocha": {
      "version": "10.1.0"
    },
    "mochawesome": {
      "options": {
        "quiet": false,
        "reportFilename": "mochawesome",
        "saveHtml": true,
        "saveJson": true,
        "consoleReporter": "spec",
        "useInlineDiffs": false,
        "code": true
      },
      "version": "7.1.3"
    },
    "marge": {
      "options": {
        "reportDir": "C:/Users/AdamTravers/OneDrive/test-reports/test-results.html"
      },
      "version": "6.2.0"
    }
  }
}