{
  "stats": {
    "suites": 1,
    "tests": 1,
    "passes": 0,
    "pending": 0,
    "failures": 1,
    "start": "2022-10-24T15:53:31.899Z",
    "end": "2022-10-24T15:53:32.512Z",
    "duration": 613,
    "testsRegistered": 1,
    "passPercent": 0,
    "pendingPercent": 0,
    "other": 1,
    "hasOther": true,
    "skipped": 0,
    "hasSkipped": false
  },
  "results": [
    {
      "uuid": "dd128300-ce14-4ab3-96b9-801b56fcaa3e",
      "title": "",
      "fullFile": "C:\\Users\\AdamTravers\\OneDrive - Lovehoney Group\\Desktop\\Dev\\selenium\\test\\testInParallel.js",
      "file": "\\test\\testInParallel.js",
      "beforeHooks": [],
      "afterHooks": [],
      "tests": [],
      "suites": [
        {
          "uuid": "f5d8acca-8cd6-4d98-af78-93b6a958a2dc",
          "title": "add todo tests",
          "fullFile": "C:\\Users\\AdamTravers\\OneDrive - Lovehoney Group\\Desktop\\Dev\\selenium\\test\\testInParallel.js",
          "file": "\\test\\testInParallel.js",
          "beforeHooks": [],
          "afterHooks": [],
          "tests": [
            {
              "title": "succesfully adds a todo application",
              "fullTitle": "add todo tests succesfully adds a todo application",
              "timedOut": null,
              "duration": 3,
              "state": "failed",
              "speed": null,
              "pass": false,
              "fail": true,
              "pending": false,
              "context": null,
              "code": "//launch browser\nlet driver = await new Builder().forBrowser(\"chrome\").build();\n//navigate to application\nawait driver.get(\"https://lambdatest.github.io/sample-todo-app/\");\n//https://stg-com.lh.uk/\n//edit page\nawait driver\n  .findElement(By.id(\"sampletodotext\"))\n  .sendKeys(\"kljflkd\", Key.RETURN);\n//assert\nlet todoText = await driver\n  .findElement(By.xpath(\"//li[last()]\"))\n  .getText()\n  .then(function (value) {\n    return value;\n  });\n//chai assertion should\ntodoText.should.equal(\"kljflkd\");\n//close browser\nawait driver.quit();",
              "err": {
                "message": "Error: The ChromeDriver could not be found on the current PATH. Please download the latest version of the ChromeDriver from http://chromedriver.storage.googleapis.com/index.html and ensure it can be found on your PATH.",
                "estack": "Error: The ChromeDriver could not be found on the current PATH. Please download the latest version of the ChromeDriver from http://chromedriver.storage.googleapis.com/index.html and ensure it can be found on your PATH.\n    at new ServiceBuilder (node_modules\\selenium-webdriver\\chrome.js:160:13)\n    at Function.getDefaultService (node_modules\\selenium-webdriver\\chrome.js:248:12)\n    at Function.createSession (node_modules\\selenium-webdriver\\chromium.js:669:49)\n    at Function.createSession (node_modules\\selenium-webdriver\\chrome.js:239:13)\n    at createDriver (node_modules\\selenium-webdriver\\index.js:147:33)\n    at Builder.build (node_modules\\selenium-webdriver\\index.js:675:16)\n    at Context.<anonymous> (test\\testInParallel.js:10:59)",
                "diff": null
              },
              "uuid": "ffcec008-f231-40ff-b77d-01a4a0114cac",
              "parentUUID": null,
              "isHook": false,
              "skipped": false
            }
          ],
          "suites": [],
          "passes": [],
          "failures": [
            "ffcec008-f231-40ff-b77d-01a4a0114cac"
          ],
          "pending": [],
          "skipped": [],
          "duration": 3,
          "root": false,
          "rootEmpty": false,
          "_timeout": null
        }
      ],
      "passes": [],
      "failures": [],
      "pending": [],
      "skipped": [],
      "duration": 0,
      "root": true,
      "rootEmpty": true,
      "_timeout": 0
    }
  ],
  "meta": {
    "mocha": {
      "version": "10.1.0"
    },
    "mochawesome": {
      "options": {
        "quiet": false,
        "reportFilename": "mochawesome",
        "saveHtml": true,
        "saveJson": true,
        "consoleReporter": "spec",
        "useInlineDiffs": false,
        "code": true
      },
      "version": "7.1.3"
    },
    "marge": {
      "options": null,
      "version": "6.2.0"
    }
  }
}