{
  "stats": {
    "suites": 1,
    "tests": 3,
    "passes": 2,
    "pending": 0,
    "failures": 1,
    "start": "2022-10-24T20:59:46.509Z",
    "end": "2022-10-24T20:59:51.662Z",
    "duration": 5153,
    "testsRegistered": 3,
    "passPercent": 66.66666666666666,
    "pendingPercent": 0,
    "other": 0,
    "hasOther": false,
    "skipped": 0,
    "hasSkipped": false
  },
  "results": [
    {
      "uuid": "44415f83-4ad5-4082-b7c4-7201b2c4e01d",
      "title": "",
      "fullFile": "C:\\Users\\AdamTravers\\OneDrive - Lovehoney Group\\Desktop\\Dev\\selenium\\test\\test.js",
      "file": "\\test.js",
      "beforeHooks": [],
      "afterHooks": [],
      "tests": [],
      "suites": [
        {
          "uuid": "2de79c8e-1024-40c6-a9c0-b6f0197e0509",
          "title": "add todo tests",
          "fullFile": "C:\\Users\\AdamTravers\\OneDrive - Lovehoney Group\\Desktop\\Dev\\selenium\\test\\test.js",
          "file": "\\test.js",
          "beforeHooks": [],
          "afterHooks": [],
          "tests": [
            {
              "title": "succesfully adds a todo application",
              "fullTitle": "add todo tests succesfully adds a todo application",
              "timedOut": null,
              "duration": 1853,
              "state": "passed",
              "speed": "slow",
              "pass": true,
              "fail": false,
              "pending": false,
              "context": null,
              "code": "//launch browser\nlet driver = await new Builder().forBrowser(\"chrome\").build();\n//navigate to application\nawait driver.get(\"https://lambdatest.github.io/sample-todo-app/\");\n//https://stg-com.lh.uk/\n//edit page\nawait driver\n  .findElement(By.id(\"sampletodotext\"))\n  .sendKeys(\"kljflkd\", Key.RETURN);\n//assert\nlet todoText = await driver\n  .findElement(By.xpath(\"//li[last()]\"))\n  .getText()\n  .then(function (value) {\n    return value;\n  });\n//chai assertion should\ntodoText.should.equal(\"kljflkd\");\n//close browser\nawait driver.quit();",
              "err": {},
              "uuid": "9f4ff1b0-6ebd-449d-8cfd-47e209a2c7ff",
              "parentUUID": null,
              "isHook": false,
              "skipped": false
            },
            {
              "title": "succesfully adds a todo application",
              "fullTitle": "add todo tests succesfully adds a todo application",
              "timedOut": null,
              "duration": 1361,
              "state": "failed",
              "speed": null,
              "pass": false,
              "fail": true,
              "pending": false,
              "context": null,
              "code": "//launch browser\nlet driver = await new Builder().forBrowser(\"chrome\").build();\n//navigate to application\nawait driver.get(\"https://lambdatest.github.io/sample-todo-app/\");\n//https://stg-com.lh.uk/\n//edit page\nawait driver\n  .findElement(By.id(\"sampletodotext\"))\n  .sendKeys(\"kljflkd\", Key.RETURN);\n//assert\nlet todoText = await driver\n  .findElement(By.xpath(\"//li[last()]\"))\n  .getText()\n  .then(function (value) {\n    return value;\n  });\n//chai assertion should\ntodoText.should.equal(\"kljfkd\");\n//close browser\nawait driver.quit();",
              "err": {
                "message": "AssertionError: expected 'kljflkd' to equal 'kljfkd'",
                "estack": "AssertionError: expected 'kljflkd' to equal 'kljfkd'\n    at Context.<anonymous> (test.js:58:21)\n    at processTicksAndRejections (node:internal/process/task_queues:96:5)",
                "diff": "- kljflkd\n+ kljfkd\n"
              },
              "uuid": "564ce077-9dfd-4b96-95a4-f019f75a5540",
              "parentUUID": null,
              "isHook": false,
              "skipped": false
            },
            {
              "title": "succesfully adds a todo application",
              "fullTitle": "add todo tests succesfully adds a todo application",
              "timedOut": null,
              "duration": 1327,
              "state": "passed",
              "speed": "slow",
              "pass": true,
              "fail": false,
              "pending": false,
              "context": null,
              "code": "//launch browser\nlet driver = await new Builder().forBrowser(\"chrome\").build();\n//navigate to application\nawait driver.get(\"https://lambdatest.github.io/sample-todo-app/\");\n//https://stg-com.lh.uk/\n//edit page\nawait driver\n  .findElement(By.id(\"sampletodotext\"))\n  .sendKeys(\"shcdlkjsa\", Key.RETURN);\n//assert\nlet todoText = await driver\n  .findElement(By.xpath(\"//li[last()]\"))\n  .getText()\n  .then(function (value) {\n    return value;\n  });\n//chai assertion should\ntodoText.should.equal(\"shcdlkjsa\");\n//close browser\nawait driver.quit();",
              "err": {},
              "uuid": "ab40340e-112b-44f5-850a-715d8c9cd98f",
              "parentUUID": null,
              "isHook": false,
              "skipped": false
            }
          ],
          "suites": [],
          "passes": [
            "9f4ff1b0-6ebd-449d-8cfd-47e209a2c7ff",
            "ab40340e-112b-44f5-850a-715d8c9cd98f"
          ],
          "failures": [
            "564ce077-9dfd-4b96-95a4-f019f75a5540"
          ],
          "pending": [],
          "skipped": [],
          "duration": 4541,
          "root": false,
          "rootEmpty": false,
          "_timeout": null
        }
      ],
      "passes": [],
      "failures": [],
      "pending": [],
      "skipped": [],
      "duration": 0,
      "root": true,
      "rootEmpty": true,
      "_timeout": 0
    }
  ],
  "meta": {
    "mocha": {
      "version": "10.1.0"
    },
    "mochawesome": {
      "options": {
        "quiet": false,
        "reportFilename": "mochawesome",
        "saveHtml": true,
        "saveJson": true,
        "consoleReporter": "spec",
        "useInlineDiffs": false,
        "code": true
      },
      "version": "7.1.3"
    },
    "marge": {
      "options": {
        "reportDir": "selenium/test/mochawesome-report"
      },
      "version": "6.2.0"
    }
  }
}