{
  "stats": {
    "suites": 1,
    "tests": 3,
    "passes": 2,
    "pending": 0,
    "failures": 1,
    "start": "2022-10-24T20:51:01.901Z",
    "end": "2022-10-24T20:51:08.230Z",
    "duration": 6329,
    "testsRegistered": 3,
    "passPercent": 66.66666666666666,
    "pendingPercent": 0,
    "other": 0,
    "hasOther": false,
    "skipped": 0,
    "hasSkipped": false
  },
  "results": [
    {
      "uuid": "f01f8d6e-c7bf-4eaf-b047-9c9f7379a9ca",
      "title": "",
      "fullFile": "C:\\Users\\AdamTravers\\OneDrive - Lovehoney Group\\Desktop\\Dev\\selenium\\test\\test.js",
      "file": "\\test.js",
      "beforeHooks": [],
      "afterHooks": [],
      "tests": [],
      "suites": [
        {
          "uuid": "89d5fcc4-8c20-47eb-9281-83f7383676c3",
          "title": "add todo tests",
          "fullFile": "C:\\Users\\AdamTravers\\OneDrive - Lovehoney Group\\Desktop\\Dev\\selenium\\test\\test.js",
          "file": "\\test.js",
          "beforeHooks": [],
          "afterHooks": [],
          "tests": [
            {
              "title": "succesfully adds a todo application",
              "fullTitle": "add todo tests succesfully adds a todo application",
              "timedOut": null,
              "duration": 2184,
              "state": "passed",
              "speed": "slow",
              "pass": true,
              "fail": false,
              "pending": false,
              "context": null,
              "code": "//launch browser\nlet driver = await new Builder().forBrowser(\"chrome\").build();\n//navigate to application\nawait driver.get(\"https://lambdatest.github.io/sample-todo-app/\");\n//https://stg-com.lh.uk/\n//edit page\nawait driver\n  .findElement(By.id(\"sampletodotext\"))\n  .sendKeys(\"kljflkd\", Key.RETURN);\n//assert\nlet todoText = await driver\n  .findElement(By.xpath(\"//li[last()]\"))\n  .getText()\n  .then(function (value) {\n    return value;\n  });\n//chai assertion should\ntodoText.should.equal(\"kljflkd\");\n//close browser\nawait driver.quit();",
              "err": {},
              "uuid": "7c35a0d0-5a9b-49a3-b821-5a5f27973fa4",
              "parentUUID": null,
              "isHook": false,
              "skipped": false
            },
            {
              "title": "succesfully adds a todo application",
              "fullTitle": "add todo tests succesfully adds a todo application",
              "timedOut": null,
              "duration": 1514,
              "state": "failed",
              "speed": null,
              "pass": false,
              "fail": true,
              "pending": false,
              "context": null,
              "code": "//launch browser\nlet driver = await new Builder().forBrowser(\"chrome\").build();\n//navigate to application\nawait driver.get(\"https://lambdatest.github.io/sample-todo-app/\");\n//https://stg-com.lh.uk/\n//edit page\nawait driver\n  .findElement(By.id(\"sampletodotext\"))\n  .sendKeys(\"kljflkd\", Key.RETURN);\n//assert\nlet todoText = await driver\n  .findElement(By.xpath(\"//li[last()]\"))\n  .getText()\n  .then(function (value) {\n    return value;\n  });\n//chai assertion should\ntodoText.should.equal(\"kljfkd\");\n//close browser\nawait driver.quit();",
              "err": {
                "message": "AssertionError: expected 'kljflkd' to equal 'kljfkd'",
                "estack": "AssertionError: expected 'kljflkd' to equal 'kljfkd'\n    at Context.<anonymous> (test.js:58:21)\n    at processTicksAndRejections (node:internal/process/task_queues:96:5)",
                "diff": "- kljflkd\n+ kljfkd\n"
              },
              "uuid": "f097f9ea-0fa0-49ce-8f17-3e17c8e3857d",
              "parentUUID": null,
              "isHook": false,
              "skipped": false
            },
            {
              "title": "succesfully adds a todo application",
              "fullTitle": "add todo tests succesfully adds a todo application",
              "timedOut": null,
              "duration": 2008,
              "state": "passed",
              "speed": "slow",
              "pass": true,
              "fail": false,
              "pending": false,
              "context": null,
              "code": "//launch browser\nlet driver = await new Builder().forBrowser(\"chrome\").build();\n//navigate to application\nawait driver.get(\"https://lambdatest.github.io/sample-todo-app/\");\n//https://stg-com.lh.uk/\n//edit page\nawait driver\n  .findElement(By.id(\"sampletodotext\"))\n  .sendKeys(\"shcdlkjsa\", Key.RETURN);\n//assert\nlet todoText = await driver\n  .findElement(By.xpath(\"//li[last()]\"))\n  .getText()\n  .then(function (value) {\n    return value;\n  });\n//chai assertion should\ntodoText.should.equal(\"shcdlkjsa\");\n//close browser\nawait driver.quit();",
              "err": {},
              "uuid": "3b023305-fb0c-40ab-aeea-373f3edff2e8",
              "parentUUID": null,
              "isHook": false,
              "skipped": false
            }
          ],
          "suites": [],
          "passes": [
            "7c35a0d0-5a9b-49a3-b821-5a5f27973fa4",
            "3b023305-fb0c-40ab-aeea-373f3edff2e8"
          ],
          "failures": [
            "f097f9ea-0fa0-49ce-8f17-3e17c8e3857d"
          ],
          "pending": [],
          "skipped": [],
          "duration": 5706,
          "root": false,
          "rootEmpty": false,
          "_timeout": null
        }
      ],
      "passes": [],
      "failures": [],
      "pending": [],
      "skipped": [],
      "duration": 0,
      "root": true,
      "rootEmpty": true,
      "_timeout": 0
    }
  ],
  "meta": {
    "mocha": {
      "version": "10.1.0"
    },
    "mochawesome": {
      "options": {
        "quiet": false,
        "reportFilename": "mochawesome",
        "saveHtml": true,
        "saveJson": true,
        "consoleReporter": "spec",
        "useInlineDiffs": false,
        "code": true
      },
      "version": "7.1.3"
    },
    "marge": {
      "options": null,
      "version": "6.2.0"
    }
  }
}