{
  "stats": {
    "suites": 1,
    "tests": 1,
    "passes": 1,
    "pending": 0,
    "failures": 0,
    "start": "2022-10-24T16:48:27.987Z",
    "end": "2022-10-24T16:48:30.074Z",
    "duration": 2087,
    "testsRegistered": 1,
    "passPercent": 100,
    "pendingPercent": 0,
    "other": 0,
    "hasOther": false,
    "skipped": 0,
    "hasSkipped": false
  },
  "results": [
    {
      "uuid": "7b30ec10-b313-4784-a9b2-6acabc7824ff",
      "title": "",
      "fullFile": "C:\\Users\\AdamTravers\\OneDrive - Lovehoney Group\\Desktop\\Dev\\selenium\\test\\test.js",
      "file": "\\test.js",
      "beforeHooks": [],
      "afterHooks": [],
      "tests": [],
      "suites": [
        {
          "uuid": "88726d6d-2f3d-472d-8032-663c896653ae",
          "title": "add todo tests",
          "fullFile": "C:\\Users\\AdamTravers\\OneDrive - Lovehoney Group\\Desktop\\Dev\\selenium\\test\\test.js",
          "file": "\\test.js",
          "beforeHooks": [],
          "afterHooks": [],
          "tests": [
            {
              "title": "succesfully adds a todo application",
              "fullTitle": "add todo tests succesfully adds a todo application",
              "timedOut": null,
              "duration": 1505,
              "state": "passed",
              "speed": "slow",
              "pass": true,
              "fail": false,
              "pending": false,
              "context": null,
              "code": "//launch browser\nlet driver = await new Builder().forBrowser(\"chrome\").build();\n//navigate to application\nawait driver.get(\"https://lambdatest.github.io/sample-todo-app/\");\n//https://stg-com.lh.uk/\n//edit page\nawait driver\n  .findElement(By.id(\"sampletodotext\"))\n  .sendKeys(\"kljflkd\", Key.RETURN);\n//assert\nlet todoText = await driver\n  .findElement(By.xpath(\"//li[last()]\"))\n  .getText()\n  .then(function (value) {\n    return value;\n  });\n//chai assertion should\ntodoText.should.equal(\"kljflkd\");\n//close browser\nawait driver.quit();",
              "err": {},
              "uuid": "5c582090-1584-420f-8420-f3e5e6c3ddfe",
              "parentUUID": null,
              "isHook": false,
              "skipped": false
            }
          ],
          "suites": [],
          "passes": [
            "5c582090-1584-420f-8420-f3e5e6c3ddfe"
          ],
          "failures": [],
          "pending": [],
          "skipped": [],
          "duration": 1505,
          "root": false,
          "rootEmpty": false,
          "_timeout": null
        }
      ],
      "passes": [],
      "failures": [],
      "pending": [],
      "skipped": [],
      "duration": 0,
      "root": true,
      "rootEmpty": true,
      "_timeout": 0
    }
  ],
  "meta": {
    "mocha": {
      "version": "10.1.0"
    },
    "mochawesome": {
      "options": {
        "quiet": false,
        "reportFilename": "mochawesome",
        "saveHtml": true,
        "saveJson": true,
        "consoleReporter": "spec",
        "useInlineDiffs": false,
        "code": true
      },
      "version": "7.1.3"
    },
    "marge": {
      "options": null,
      "version": "6.2.0"
    }
  }
}